
------------------------------------
  Logging start.  ## CURRENT TIME  : [2/5, 2016   0:14  54.890]  ## COMMAND LINE  : 
cmd /C "gen_csini.exe"
------------------------------------
[STD-IN] : C:\Users\sohae\Desktop\STM32F446RET6_HAL\.metadata\.plugins\sst.csgp\bin\env_vars.txt
GUI is waiting for subprocess to be done...
Execution done. EXIT CODE = 0
  Logging finished.  ## CURRENT TIME  : [2/5, 2016   0:15  3.908]
------------------------------------

------------------------------------
  Logging start.  ## CURRENT TIME  : [2/5, 2016   0:19  26.999]  ## COMMAND LINE  : 
cmd /C "gen_csini.exe"
------------------------------------
[STD-IN] : C:\Users\sohae\Desktop\STM32F446RET6_HAL\.metadata\.plugins\sst.csgp\bin\env_vars.txt
GUI is waiting for subprocess to be done...
Execution done. EXIT CODE = 0
  Logging finished.  ## CURRENT TIME  : [2/5, 2016   0:19  31.921]
------------------------------------

------------------------------------
  Logging start.  ## CURRENT TIME  : [2/5, 2016   9:44  9.602]  ## COMMAND LINE  : 
cmd /C "gen_csini.exe"
------------------------------------
[STD-IN] : C:\Users\sohae\Desktop\STM32F446RET6_HAL\.metadata\.plugins\sst.csgp\bin\env_vars.txt
GUI is waiting for subprocess to be done...
Execution done. EXIT CODE = 0
  Logging finished.  ## CURRENT TIME  : [2/5, 2016   9:44  15.86]
------------------------------------

------------------------------------
  Logging start.  ## CURRENT TIME  : [2/5, 2016   9:52  27.200]  ## COMMAND LINE  : 
cmd /C "gen_csini.exe"
------------------------------------
[STD-IN] : C:\Users\sohae\Desktop\STM32F446RET6_HAL\.metadata\.plugins\sst.csgp\bin\env_vars.txt
GUI is waiting for subprocess to be done...
Execution done. EXIT CODE = 0
  Logging finished.  ## CURRENT TIME  : [2/5, 2016   9:52  32.112]
------------------------------------

------------------------------------
  Logging start.  ## CURRENT TIME  : [2/5, 2016   10:12  16.391]  ## COMMAND LINE  : 
cmd /C "gen_csini.exe"
------------------------------------
[STD-IN] : C:\Users\sohae\Desktop\STM32F446RET6_HAL\.metadata\.plugins\sst.csgp\bin\env_vars.txt
GUI is waiting for subprocess to be done...
Execution done. EXIT CODE = 0
  Logging finished.  ## CURRENT TIME  : [2/5, 2016   10:12  21.785]
------------------------------------

------------------------------------
  Logging start.  ## CURRENT TIME  : [2/5, 2016   14:30  2.144]  ## COMMAND LINE  : 
cmd /C "gen_csini.exe"
------------------------------------
[STD-IN] : C:\Users\sohae\Desktop\STM32F446RET6_HAL\.metadata\.plugins\sst.csgp\bin\env_vars.txt
GUI is waiting for subprocess to be done...
Execution done. EXIT CODE = 0
  Logging finished.  ## CURRENT TIME  : [2/5, 2016   14:30  7.816]
------------------------------------

------------------------------------
  Logging start.  ## CURRENT TIME  : [2/5, 2016   22:57  47.654]  ## COMMAND LINE  : 
cmd /C "gen_csini.exe"
------------------------------------
[STD-IN] : C:\Users\sohae\Desktop\STM32F446RET6_HAL\.metadata\.plugins\sst.csgp\bin\env_vars.txt
GUI is waiting for subprocess to be done...
Execution done. EXIT CODE = 0
  Logging finished.  ## CURRENT TIME  : [2/5, 2016   22:57  52.998]
------------------------------------

------------------------------------
  Logging start.  ## CURRENT TIME  : [2/6, 2016   9:24  36.582]  ## COMMAND LINE  : 
cmd /C "gen_csini.exe"
------------------------------------
[STD-IN] : C:\Users\sohae\Desktop\STM32F446RET6_HAL\.metadata\.plugins\sst.csgp\bin\env_vars.txt
GUI is waiting for subprocess to be done...
Execution done. EXIT CODE = 0
  Logging finished.  ## CURRENT TIME  : [2/6, 2016   9:24  42.226]
------------------------------------

------------------------------------
  Logging start.  ## CURRENT TIME  : [2/6, 2016   11:24  3.487]  ## COMMAND LINE  : 
cmd /C "gen_csini.exe"
------------------------------------
[STD-IN] : C:\Users\sohae\Desktop\STM32F446RET6_HAL\.metadata\.plugins\sst.csgp\bin\env_vars.txt
GUI is waiting for subprocess to be done...
Execution done. EXIT CODE = 0
  Logging finished.  ## CURRENT TIME  : [2/6, 2016   11:24  11.417]
------------------------------------

------------------------------------
  Logging start.  ## CURRENT TIME  : [2/6, 2016   11:29  9.502]  ## COMMAND LINE  : 
cmd /C "gen_csini.exe"
------------------------------------
[STD-IN] : C:\Users\sohae\Desktop\STM32F446RET6_HAL\.metadata\.plugins\sst.csgp\bin\env_vars.txt
GUI is waiting for subprocess to be done...
Execution done. EXIT CODE = 0
  Logging finished.  ## CURRENT TIME  : [2/6, 2016   11:29  15.92]
------------------------------------

------------------------------------
  Logging start.  ## CURRENT TIME  : [2/6, 2016   16:57  17.665]  ## COMMAND LINE  : 
cmd /C "gen_csini.exe"
------------------------------------
[STD-IN] : C:\Users\sohae\Desktop\STM32F446RET6_HAL\.metadata\.plugins\sst.csgp\bin\env_vars.txt
GUI is waiting for subprocess to be done...
Execution done. EXIT CODE = 0
  Logging finished.  ## CURRENT TIME  : [2/6, 2016   16:57  30.50]
------------------------------------

------------------------------------
  Logging start.  ## CURRENT TIME  : [2/6, 2016   20:58  42.876]  ## COMMAND LINE  : 
cmd /C "gen_csini.exe"
------------------------------------
[STD-IN] : C:\Users\sohae\Desktop\STM32F446RET6_HAL\.metadata\.plugins\sst.csgp\bin\env_vars.txt
GUI is waiting for subprocess to be done...
Execution done. EXIT CODE = 0
  Logging finished.  ## CURRENT TIME  : [2/6, 2016   20:58  48.668]
------------------------------------

------------------------------------
  Logging start.  ## CURRENT TIME  : [2/7, 2016   20:16  48.627]  ## COMMAND LINE  : 
cmd /C "gen_csini.exe"
------------------------------------
[STD-IN] : C:\Users\sohae\Desktop\STM32F446RET6_HAL\.metadata\.plugins\sst.csgp\bin\env_vars.txt
GUI is waiting for subprocess to be done...
Execution done. EXIT CODE = 0
  Logging finished.  ## CURRENT TIME  : [2/7, 2016   20:16  53.506]
------------------------------------

------------------------------------
  Logging start.  ## CURRENT TIME  : [2/8, 2016   15:58  38.503]  ## COMMAND LINE  : 
cmd /C "gen_csini.exe"
------------------------------------
[STD-IN] : C:\Users\sohae\Desktop\STM32F446RET6_HAL\.metadata\.plugins\sst.csgp\bin\env_vars.txt
GUI is waiting for subprocess to be done...
Execution done. EXIT CODE = 0
  Logging finished.  ## CURRENT TIME  : [2/8, 2016   15:58  43.922]
------------------------------------

------------------------------------
  Logging start.  ## CURRENT TIME  : [2/8, 2016   22:2  56.71]  ## COMMAND LINE  : 
cmd /C "gen_csini.exe"
------------------------------------
[STD-IN] : C:\Users\sohae\Desktop\STM32F446RET6_HAL\.metadata\.plugins\sst.csgp\bin\env_vars.txt
GUI is waiting for subprocess to be done...
Execution done. EXIT CODE = 0
  Logging finished.  ## CURRENT TIME  : [2/8, 2016   22:3  2.626]
------------------------------------

------------------------------------
  Logging start.  ## CURRENT TIME  : [2/9, 2016   12:31  48.56]  ## COMMAND LINE  : 
cmd /C "gen_csini.exe"
------------------------------------
[STD-IN] : C:\Users\sohae\Desktop\STM32F446RET6_HAL\.metadata\.plugins\sst.csgp\bin\env_vars.txt
GUI is waiting for subprocess to be done...
Execution done. EXIT CODE = 0
  Logging finished.  ## CURRENT TIME  : [2/9, 2016   12:31  54.531]
------------------------------------

------------------------------------
  Logging start.  ## CURRENT TIME  : [2/9, 2016   14:58  55.889]  ## COMMAND LINE  : 
cmd /C "gen_csini.exe"
------------------------------------
[STD-IN] : C:\Users\sohae\Desktop\STM32F446RET6_HAL\.metadata\.plugins\sst.csgp\bin\env_vars.txt
GUI is waiting for subprocess to be done...
Execution done. EXIT CODE = 0
  Logging finished.  ## CURRENT TIME  : [2/9, 2016   14:59  3.223]
------------------------------------

------------------------------------
  Logging start.  ## CURRENT TIME  : [2/9, 2016   15:8  17.706]  ## COMMAND LINE  : 
cmd /C "gen_csini.exe"
------------------------------------
[STD-IN] : C:\Users\sohae\Desktop\STM32F446RET6_HAL\.metadata\.plugins\sst.csgp\bin\env_vars.txt
GUI is waiting for subprocess to be done...
Execution done. EXIT CODE = 0
  Logging finished.  ## CURRENT TIME  : [2/9, 2016   15:8  26.482]
------------------------------------

------------------------------------
  Logging start.  ## CURRENT TIME  : [2/9, 2016   15:11  42.891]  ## COMMAND LINE  : 
cmd /C "gen_csini.exe"
------------------------------------
[STD-IN] : C:\Users\sohae\Desktop\STM32F446RET6_HAL\.metadata\.plugins\sst.csgp\bin\env_vars.txt
GUI is waiting for subprocess to be done...
Execution done. EXIT CODE = 0
  Logging finished.  ## CURRENT TIME  : [2/9, 2016   15:11  49.507]
------------------------------------

------------------------------------
  Logging start.  ## CURRENT TIME  : [2/9, 2016   19:29  36.366]  ## COMMAND LINE  : 
cmd /C "gen_csini.exe"
------------------------------------
[STD-IN] : C:\Users\sohae\Desktop\STM32F446RET6_HAL\.metadata\.plugins\sst.csgp\bin\env_vars.txt
GUI is waiting for subprocess to be done...
Execution done. EXIT CODE = 0
  Logging finished.  ## CURRENT TIME  : [2/9, 2016   19:29  43.299]
------------------------------------

------------------------------------
  Logging start.  ## CURRENT TIME  : [2/9, 2016   20:50  44.547]  ## COMMAND LINE  : 
cmd /C "gen_csini.exe"
------------------------------------
[STD-IN] : C:\Users\sohae\Desktop\STM32F446RET6_HAL\.metadata\.plugins\sst.csgp\bin\env_vars.txt
GUI is waiting for subprocess to be done...
Execution done. EXIT CODE = 0
  Logging finished.  ## CURRENT TIME  : [2/9, 2016   20:50  50.503]
------------------------------------

------------------------------------
  Logging start.  ## CURRENT TIME  : [2/10, 2016   0:4  1.763]  ## COMMAND LINE  : 
cmd /C "gen_csini.exe"
------------------------------------
[STD-IN] : C:\Users\sohae\Desktop\STM32F446RET6_HAL\.metadata\.plugins\sst.csgp\bin\env_vars.txt
GUI is waiting for subprocess to be done...
Execution done. EXIT CODE = 0
  Logging finished.  ## CURRENT TIME  : [2/10, 2016   0:4  7.104]
------------------------------------

------------------------------------
  Logging start.  ## CURRENT TIME  : [2/10, 2016   18:59  24.414]  ## COMMAND LINE  : 
cmd /C "gen_csini.exe"
------------------------------------
[STD-IN] : C:\Users\sohae\Desktop\STM32F446RET6_HAL\.metadata\.plugins\sst.csgp\bin\env_vars.txt
GUI is waiting for subprocess to be done...
Execution done. EXIT CODE = 0
  Logging finished.  ## CURRENT TIME  : [2/10, 2016   18:59  29.613]
------------------------------------

------------------------------------
  Logging start.  ## CURRENT TIME  : [2/11, 2016   0:20  44.679]  ## COMMAND LINE  : 
cmd /C "gen_csini.exe"
------------------------------------
[STD-IN] : C:\Users\sohae\Desktop\STM32F446RET6_HAL\.metadata\.plugins\sst.csgp\bin\env_vars.txt
GUI is waiting for subprocess to be done...
Execution done. EXIT CODE = 0
  Logging finished.  ## CURRENT TIME  : [2/11, 2016   0:20  51.505]
------------------------------------

------------------------------------
  Logging start.  ## CURRENT TIME  : [2/12, 2016   16:3  3.768]  ## COMMAND LINE  : 
cmd /C "gen_csini.exe"
------------------------------------
[STD-IN] : C:\Users\sohae\Desktop\STM32F446RET6_HAL\.metadata\.plugins\sst.csgp\bin\env_vars.txt
GUI is waiting for subprocess to be done...
Execution done. EXIT CODE = 0
  Logging finished.  ## CURRENT TIME  : [2/12, 2016   16:3  11.148]
------------------------------------

------------------------------------
  Logging start.  ## CURRENT TIME  : [2/12, 2016   18:34  24.588]  ## COMMAND LINE  : 
cmd /C "gen_csini.exe"
------------------------------------
[STD-IN] : C:\Users\sohae\Desktop\STM32F446RET6_HAL\.metadata\.plugins\sst.csgp\bin\env_vars.txt
GUI is waiting for subprocess to be done...
Execution done. EXIT CODE = 0
  Logging finished.  ## CURRENT TIME  : [2/12, 2016   18:34  30.601]
------------------------------------

------------------------------------
  Logging start.  ## CURRENT TIME  : [2/13, 2016   0:12  39.873]  ## COMMAND LINE  : 
cmd /C "gen_csini.exe"
------------------------------------
[STD-IN] : C:\Users\sohae\Desktop\STM32F446RET6_HAL\.metadata\.plugins\sst.csgp\bin\env_vars.txt
GUI is waiting for subprocess to be done...
Execution done. EXIT CODE = 0
  Logging finished.  ## CURRENT TIME  : [2/13, 2016   0:12  45.828]
------------------------------------

------------------------------------
  Logging start.  ## CURRENT TIME  : [2/14, 2016   9:55  26.174]  ## COMMAND LINE  : 
cmd /C "gen_csini.exe"
------------------------------------
[STD-IN] : C:\Users\sohae\Desktop\STM32F446RET6_HAL\.metadata\.plugins\sst.csgp\bin\env_vars.txt
GUI is waiting for subprocess to be done...
Execution done. EXIT CODE = 0
  Logging finished.  ## CURRENT TIME  : [2/14, 2016   9:55  34.942]
------------------------------------

------------------------------------
  Logging start.  ## CURRENT TIME  : [2/15, 2016   10:4  2.959]  ## COMMAND LINE  : 
cmd /C "gen_csini.exe"
------------------------------------
[STD-IN] : C:\Users\sohae\Desktop\STM32F446RET6_HAL\.metadata\.plugins\sst.csgp\bin\env_vars.txt
GUI is waiting for subprocess to be done...
Execution done. EXIT CODE = 0
  Logging finished.  ## CURRENT TIME  : [2/15, 2016   10:4  9.539]
------------------------------------

------------------------------------
  Logging start.  ## CURRENT TIME  : [2/15, 2016   22:58  12.344]  ## COMMAND LINE  : 
cmd /C "gen_csini.exe"
------------------------------------
[STD-IN] : C:\Users\sohae\Desktop\STM32F446RET6_HAL\.metadata\.plugins\sst.csgp\bin\env_vars.txt
GUI is waiting for subprocess to be done...
Execution done. EXIT CODE = 0
  Logging finished.  ## CURRENT TIME  : [2/15, 2016   22:58  18.141]
------------------------------------

------------------------------------
  Logging start.  ## CURRENT TIME  : [2/17, 2016   18:43  54.918]  ## COMMAND LINE  : 
cmd /C "gen_csini.exe"
------------------------------------
[STD-IN] : C:\Users\sohae\Desktop\STM32F446RET6_HAL\.metadata\.plugins\sst.csgp\bin\env_vars.txt
GUI is waiting for subprocess to be done...
Execution done. EXIT CODE = 0
  Logging finished.  ## CURRENT TIME  : [2/17, 2016   18:44  0.748]
------------------------------------

------------------------------------
  Logging start.  ## CURRENT TIME  : [2/17, 2016   18:59  37.582]  ## COMMAND LINE  : 
cmd /C "gen_csini.exe"
------------------------------------
[STD-IN] : C:\Users\sohae\Desktop\STM32F446RET6_HAL\.metadata\.plugins\sst.csgp\bin\env_vars.txt
GUI is waiting for subprocess to be done...
Execution done. EXIT CODE = 0
  Logging finished.  ## CURRENT TIME  : [2/17, 2016   18:59  44.569]
------------------------------------

------------------------------------
  Logging start.  ## CURRENT TIME  : [2/17, 2016   19:10  30.571]  ## COMMAND LINE  : 
cmd /C "gen_csini.exe"
------------------------------------
[STD-IN] : C:\Users\sohae\Desktop\STM32F446RET6_HAL\.metadata\.plugins\sst.csgp\bin\env_vars.txt
GUI is waiting for subprocess to be done...
Execution done. EXIT CODE = 0
  Logging finished.  ## CURRENT TIME  : [2/17, 2016   19:10  36.417]
------------------------------------

------------------------------------
  Logging start.  ## CURRENT TIME  : [2/18, 2016   19:59  22.395]  ## COMMAND LINE  : 
cmd /C "gen_csini.exe"
------------------------------------
[STD-IN] : C:\Users\sohae\Desktop\STM32F446RET6_HAL\.metadata\.plugins\sst.csgp\bin\env_vars.txt
GUI is waiting for subprocess to be done...
Execution done. EXIT CODE = 0
  Logging finished.  ## CURRENT TIME  : [2/18, 2016   19:59  29.35]
------------------------------------

------------------------------------
  Logging start.  ## CURRENT TIME  : [2/18, 2016   20:48  40.332]  ## COMMAND LINE  : 
cmd /C "gen_csini.exe"
------------------------------------
[STD-IN] : C:\Users\sohae\Desktop\STM32F446RET6_HAL\.metadata\.plugins\sst.csgp\bin\env_vars.txt
GUI is waiting for subprocess to be done...
Execution done. EXIT CODE = 0
  Logging finished.  ## CURRENT TIME  : [2/18, 2016   20:48  46.923]
------------------------------------

------------------------------------
  Logging start.  ## CURRENT TIME  : [2/18, 2016   20:50  15.785]  ## COMMAND LINE  : 
cmd /C "gen_csini.exe"
------------------------------------
[STD-IN] : C:\Users\sohae\Desktop\STM32F446RET6_HAL\.metadata\.plugins\sst.csgp\bin\env_vars.txt
GUI is waiting for subprocess to be done...
Execution done. EXIT CODE = 0
  Logging finished.  ## CURRENT TIME  : [2/18, 2016   20:50  20.768]
------------------------------------

------------------------------------
  Logging start.  ## CURRENT TIME  : [2/18, 2016   23:34  41.657]  ## COMMAND LINE  : 
cmd /C "gen_csini.exe"
------------------------------------
[STD-IN] : C:\Users\sohae\Desktop\STM32F446RET6_HAL\.metadata\.plugins\sst.csgp\bin\env_vars.txt
GUI is waiting for subprocess to be done...
Execution done. EXIT CODE = 0
  Logging finished.  ## CURRENT TIME  : [2/18, 2016   23:34  52.5]
------------------------------------

------------------------------------
  Logging start.  ## CURRENT TIME  : [2/18, 2016   23:38  54.329]  ## COMMAND LINE  : 
cmd /C "gen_csini.exe"
------------------------------------
[STD-IN] : C:\Users\sohae\Desktop\STM32F446RET6_HAL\.metadata\.plugins\sst.csgp\bin\env_vars.txt
GUI is waiting for subprocess to be done...
Execution done. EXIT CODE = 0
  Logging finished.  ## CURRENT TIME  : [2/18, 2016   23:39  0.320]
------------------------------------

------------------------------------
  Logging start.  ## CURRENT TIME  : [2/18, 2016   23:54  15.189]  ## COMMAND LINE  : 
cmd /C "gen_csini.exe"
------------------------------------
[STD-IN] : C:\Users\sohae\Desktop\STM32F446RET6_HAL\.metadata\.plugins\sst.csgp\bin\env_vars.txt
GUI is waiting for subprocess to be done...
Execution done. EXIT CODE = 0
  Logging finished.  ## CURRENT TIME  : [2/18, 2016   23:54  20.585]
------------------------------------

------------------------------------
  Logging start.  ## CURRENT TIME  : [2/20, 2016   18:26  28.846]  ## COMMAND LINE  : 
cmd /C "gen_csini.exe"
------------------------------------
[STD-IN] : C:\Users\sohae\Desktop\STM32F446RET6_HAL\.metadata\.plugins\sst.csgp\bin\env_vars.txt
GUI is waiting for subprocess to be done...
Execution done. EXIT CODE = 0
  Logging finished.  ## CURRENT TIME  : [2/20, 2016   18:26  35.535]
------------------------------------

------------------------------------
  Logging start.  ## CURRENT TIME  : [2/20, 2016   18:55  23.496]  ## COMMAND LINE  : 
cmd /C "gen_csini.exe"
------------------------------------
[STD-IN] : C:\Users\sohae\Desktop\STM32F446RET6_HAL\.metadata\.plugins\sst.csgp\bin\env_vars.txt
GUI is waiting for subprocess to be done...
Execution done. EXIT CODE = 0
  Logging finished.  ## CURRENT TIME  : [2/20, 2016   18:55  29.676]
------------------------------------

------------------------------------
  Logging start.  ## CURRENT TIME  : [2/21, 2016   18:56  51.785]  ## COMMAND LINE  : 
cmd /C "gen_csini.exe"
------------------------------------
[STD-IN] : C:\Users\sohae\Desktop\STM32F446RET6_HAL\.metadata\.plugins\sst.csgp\bin\env_vars.txt
GUI is waiting for subprocess to be done...
Execution done. EXIT CODE = 0
  Logging finished.  ## CURRENT TIME  : [2/21, 2016   18:56  58.304]
------------------------------------

------------------------------------
  Logging start.  ## CURRENT TIME  : [2/22, 2016   22:57  35.562]  ## COMMAND LINE  : 
cmd /C "gen_csini.exe"
------------------------------------
[STD-IN] : C:\Users\sohae\Desktop\STM32F446RET6_HAL\.metadata\.plugins\sst.csgp\bin\env_vars.txt
GUI is waiting for subprocess to be done...
Execution done. EXIT CODE = 0
  Logging finished.  ## CURRENT TIME  : [2/22, 2016   22:57  40.613]
------------------------------------

------------------------------------
  Logging start.  ## CURRENT TIME  : [2/23, 2016   23:4  25.70]  ## COMMAND LINE  : 
cmd /C "gen_csini.exe"
------------------------------------
[STD-IN] : C:\Users\sohae\Desktop\STM32F446RET6_HAL\.metadata\.plugins\sst.csgp\bin\env_vars.txt
GUI is waiting for subprocess to be done...
Execution done. EXIT CODE = 0
  Logging finished.  ## CURRENT TIME  : [2/23, 2016   23:4  32.831]
------------------------------------

------------------------------------
  Logging start.  ## CURRENT TIME  : [2/28, 2016   11:51  44.21]  ## COMMAND LINE  : 
cmd /C "gen_csini.exe"
------------------------------------
[STD-IN] : C:\Users\sohae\Desktop\STM32F446RET6_HAL\.metadata\.plugins\sst.csgp\bin\env_vars.txt
GUI is waiting for subprocess to be done...
Execution done. EXIT CODE = 0
  Logging finished.  ## CURRENT TIME  : [2/28, 2016   11:51  49.923]
------------------------------------

------------------------------------
  Logging start.  ## CURRENT TIME  : [2/29, 2016   10:2  52.345]  ## COMMAND LINE  : 
cmd /C "gen_csini.exe"
------------------------------------
[STD-IN] : C:\Users\sohae\Desktop\STM32F446RET6_HAL\.metadata\.plugins\sst.csgp\bin\env_vars.txt
GUI is waiting for subprocess to be done...
Execution done. EXIT CODE = 0
  Logging finished.  ## CURRENT TIME  : [2/29, 2016   10:2  58.546]
------------------------------------

------------------------------------
  Logging start.  ## CURRENT TIME  : [2/29, 2016   17:20  55.900]  ## COMMAND LINE  : 
cmd /C "gen_csini.exe"
------------------------------------
[STD-IN] : C:\Users\sohae\Desktop\STM32F446RET6_HAL\.metadata\.plugins\sst.csgp\bin\env_vars.txt
GUI is waiting for subprocess to be done...
Execution done. EXIT CODE = 0
  Logging finished.  ## CURRENT TIME  : [2/29, 2016   17:21  1.823]
------------------------------------

------------------------------------
  Logging start.  ## CURRENT TIME  : [3/1, 2016   22:10  35.620]  ## COMMAND LINE  : 
cmd /C "gen_csini.exe"
------------------------------------
[STD-IN] : C:\Users\sohae\Desktop\STM32F446RET6_HAL\.metadata\.plugins\sst.csgp\bin\env_vars.txt
GUI is waiting for subprocess to be done...
Execution done. EXIT CODE = 0
  Logging finished.  ## CURRENT TIME  : [3/1, 2016   22:10  41.190]
------------------------------------

------------------------------------
  Logging start.  ## CURRENT TIME  : [3/3, 2016   8:54  32.297]  ## COMMAND LINE  : 
cmd /C "gen_csini.exe"
------------------------------------
[STD-IN] : C:\Users\sohae\Desktop\STM32F446RET6_HAL\.metadata\.plugins\sst.csgp\bin\env_vars.txt
GUI is waiting for subprocess to be done...
Execution done. EXIT CODE = 0
  Logging finished.  ## CURRENT TIME  : [3/3, 2016   8:54  39.543]
------------------------------------

------------------------------------
  Logging start.  ## CURRENT TIME  : [3/4, 2016   18:44  57.800]  ## COMMAND LINE  : 
cmd /C "gen_csini.exe"
------------------------------------
[STD-IN] : C:\Users\sohae\Desktop\STM32F446RET6_HAL\.metadata\.plugins\sst.csgp\bin\env_vars.txt
GUI is waiting for subprocess to be done...
Execution done. EXIT CODE = 0
  Logging finished.  ## CURRENT TIME  : [3/4, 2016   18:45  5.645]
------------------------------------

------------------------------------
  Logging start.  ## CURRENT TIME  : [3/4, 2016   22:26  9.186]  ## COMMAND LINE  : 
cmd /C "gen_csini.exe"
------------------------------------
[STD-IN] : C:\Users\sohae\Desktop\STM32F446RET6_HAL\.metadata\.plugins\sst.csgp\bin\env_vars.txt
GUI is waiting for subprocess to be done...
Execution done. EXIT CODE = 0
  Logging finished.  ## CURRENT TIME  : [3/4, 2016   22:26  17.56]
------------------------------------

------------------------------------
  Logging start.  ## CURRENT TIME  : [3/6, 2016   12:9  38.669]  ## COMMAND LINE  : 
cmd /C "gen_csini.exe"
------------------------------------
[STD-IN] : C:\Users\sohae\Desktop\STM32F446RET6_HAL\.metadata\.plugins\sst.csgp\bin\env_vars.txt
GUI is waiting for subprocess to be done...
Execution done. EXIT CODE = 0
  Logging finished.  ## CURRENT TIME  : [3/6, 2016   12:9  46.217]
------------------------------------

------------------------------------
  Logging start.  ## CURRENT TIME  : [3/10, 2016   12:3  35.487]  ## COMMAND LINE  : 
cmd /C "gen_csini.exe"
------------------------------------
[STD-IN] : C:\Users\sohae\Desktop\STM32F446RET6_HAL\.metadata\.plugins\sst.csgp\bin\env_vars.txt
GUI is waiting for subprocess to be done...
Execution done. EXIT CODE = 0
  Logging finished.  ## CURRENT TIME  : [3/10, 2016   12:3  40.426]
------------------------------------

------------------------------------
  Logging start.  ## CURRENT TIME  : [3/10, 2016   12:5  43.818]  ## COMMAND LINE  : 
cmd /C "gen_csini.exe"
------------------------------------
[STD-IN] : C:\Users\sohae\Desktop\STM32F446RET6_HAL\.metadata\.plugins\sst.csgp\bin\env_vars.txt
GUI is waiting for subprocess to be done...
Execution done. EXIT CODE = 0
  Logging finished.  ## CURRENT TIME  : [3/10, 2016   12:5  47.791]
------------------------------------

------------------------------------
  Logging start.  ## CURRENT TIME  : [3/10, 2016   12:46  20.221]  ## COMMAND LINE  : 
cmd /C "gen_csini.exe"
------------------------------------
[STD-IN] : C:\Users\sohae\Desktop\STM32F446RET6_HAL\.metadata\.plugins\sst.csgp\bin\env_vars.txt
GUI is waiting for subprocess to be done...
Execution done. EXIT CODE = 0
  Logging finished.  ## CURRENT TIME  : [3/10, 2016   12:46  24.987]
------------------------------------

------------------------------------
  Logging start.  ## CURRENT TIME  : [3/11, 2016   11:13  59.228]  ## COMMAND LINE  : 
cmd /C "gen_csini.exe"
------------------------------------
[STD-IN] : C:\Users\sohae\Desktop\STM32F446RET6_HAL\.metadata\.plugins\sst.csgp\bin\env_vars.txt
GUI is waiting for subprocess to be done...
Execution done. EXIT CODE = 0
  Logging finished.  ## CURRENT TIME  : [3/11, 2016   11:14  3.939]
------------------------------------

------------------------------------
  Logging start.  ## CURRENT TIME  : [3/20, 2016   20:17  45.558]  ## COMMAND LINE  : 
cmd /C "gen_csini.exe"
------------------------------------
[STD-IN] : C:\Users\sohae\Desktop\STM32F446RET6_HAL\.metadata\.plugins\sst.csgp\bin\env_vars.txt
GUI is waiting for subprocess to be done...
Execution done. EXIT CODE = 0
  Logging finished.  ## CURRENT TIME  : [3/20, 2016   20:17  49.671]
------------------------------------

------------------------------------
  Logging start.  ## CURRENT TIME  : [3/20, 2016   20:43  56.442]  ## COMMAND LINE  : 
cmd /C "gen_csini.exe"
------------------------------------
[STD-IN] : C:\Users\sohae\Desktop\STM32F446RET6_HAL\.metadata\.plugins\sst.csgp\bin\env_vars.txt
GUI is waiting for subprocess to be done...
Execution done. EXIT CODE = 0
  Logging finished.  ## CURRENT TIME  : [3/20, 2016   20:44  2.147]
------------------------------------

------------------------------------
  Logging start.  ## CURRENT TIME  : [3/21, 2016   13:34  24.773]  ## COMMAND LINE  : 
cmd /C "gen_csini.exe"
------------------------------------
[STD-IN] : C:\Users\sohae\Desktop\STM32F446RET6_HAL\.metadata\.plugins\sst.csgp\bin\env_vars.txt
GUI is waiting for subprocess to be done...
Execution done. EXIT CODE = 0
  Logging finished.  ## CURRENT TIME  : [3/21, 2016   13:34  30.319]
------------------------------------

------------------------------------
  Logging start.  ## CURRENT TIME  : [3/23, 2016   14:15  3.209]  ## COMMAND LINE  : 
cmd /C "gen_csini.exe"
------------------------------------
[STD-IN] : C:\Users\sohae\Desktop\STM32F446RET6_HAL\.metadata\.plugins\sst.csgp\bin\env_vars.txt
GUI is waiting for subprocess to be done...
Execution done. EXIT CODE = 0
  Logging finished.  ## CURRENT TIME  : [3/23, 2016   14:15  10.288]
------------------------------------

------------------------------------
  Logging start.  ## CURRENT TIME  : [3/24, 2016   20:59  25.145]  ## COMMAND LINE  : 
cmd /C "gen_csini.exe"
------------------------------------
[STD-IN] : C:\Users\sohae\Desktop\STM32F446RET6_HAL\.metadata\.plugins\sst.csgp\bin\env_vars.txt
GUI is waiting for subprocess to be done...
Execution done. EXIT CODE = 0
  Logging finished.  ## CURRENT TIME  : [3/24, 2016   20:59  30.501]
------------------------------------

------------------------------------
  Logging start.  ## CURRENT TIME  : [3/28, 2016   11:26  32.846]  ## COMMAND LINE  : 
cmd /C "gen_csini.exe"
------------------------------------
[STD-IN] : C:\Users\sohae\Desktop\STM32F446RET6_HAL\.metadata\.plugins\sst.csgp\bin\env_vars.txt
GUI is waiting for subprocess to be done...
Execution done. EXIT CODE = 0
  Logging finished.  ## CURRENT TIME  : [3/28, 2016   11:26  39.645]
------------------------------------

------------------------------------
  Logging start.  ## CURRENT TIME  : [3/28, 2016   19:37  45.969]  ## COMMAND LINE  : 
cmd /C "gen_csini.exe"
------------------------------------
[STD-IN] : C:\Users\sohae\Desktop\STM32F446RET6_HAL\.metadata\.plugins\sst.csgp\bin\env_vars.txt
GUI is waiting for subprocess to be done...
Execution done. EXIT CODE = 0
  Logging finished.  ## CURRENT TIME  : [3/28, 2016   19:37  50.898]
------------------------------------

------------------------------------
  Logging start.  ## CURRENT TIME  : [3/28, 2016   20:53  48.673]  ## COMMAND LINE  : 
cmd /C "gen_csini.exe"
------------------------------------
[STD-IN] : C:\Users\sohae\Desktop\STM32F446RET6_HAL\.metadata\.plugins\sst.csgp\bin\env_vars.txt
GUI is waiting for subprocess to be done...
Execution done. EXIT CODE = 0
  Logging finished.  ## CURRENT TIME  : [3/28, 2016   20:53  58.264]
------------------------------------

------------------------------------
  Logging start.  ## CURRENT TIME  : [3/28, 2016   23:14  2.576]  ## COMMAND LINE  : 
cmd /C "gen_csini.exe"
------------------------------------
[STD-IN] : C:\Users\sohae\Desktop\STM32F446RET6_HAL\.metadata\.plugins\sst.csgp\bin\env_vars.txt
GUI is waiting for subprocess to be done...
Execution done. EXIT CODE = 0
  Logging finished.  ## CURRENT TIME  : [3/28, 2016   23:14  7.817]
------------------------------------

------------------------------------
  Logging start.  ## CURRENT TIME  : [3/29, 2016   14:1  6.724]  ## COMMAND LINE  : 
cmd /C "gen_csini.exe"
------------------------------------
[STD-IN] : C:\Users\sohae\Desktop\STM32F446RET6_HAL\.metadata\.plugins\sst.csgp\bin\env_vars.txt
GUI is waiting for subprocess to be done...
Execution done. EXIT CODE = 0
  Logging finished.  ## CURRENT TIME  : [3/29, 2016   14:1  11.454]
------------------------------------

------------------------------------
  Logging start.  ## CURRENT TIME  : [3/29, 2016   14:46  32.340]  ## COMMAND LINE  : 
cmd /C "gen_csini.exe"
------------------------------------
[STD-IN] : C:\Users\sohae\Desktop\STM32F446RET6_HAL\.metadata\.plugins\sst.csgp\bin\env_vars.txt
GUI is waiting for subprocess to be done...
Execution done. EXIT CODE = 0
  Logging finished.  ## CURRENT TIME  : [3/29, 2016   14:46  37.373]
------------------------------------

------------------------------------
  Logging start.  ## CURRENT TIME  : [3/29, 2016   15:10  6.908]  ## COMMAND LINE  : 
cmd /C "gen_csini.exe"
------------------------------------
[STD-IN] : C:\Users\sohae\Desktop\STM32F446RET6_HAL\.metadata\.plugins\sst.csgp\bin\env_vars.txt
GUI is waiting for subprocess to be done...
Execution done. EXIT CODE = 0
  Logging finished.  ## CURRENT TIME  : [3/29, 2016   15:10  11.685]
------------------------------------

------------------------------------
  Logging start.  ## CURRENT TIME  : [3/29, 2016   15:35  12.294]  ## COMMAND LINE  : 
cmd /C "gen_csini.exe"
------------------------------------
[STD-IN] : C:\Users\sohae\Desktop\STM32F446RET6_HAL\.metadata\.plugins\sst.csgp\bin\env_vars.txt
GUI is waiting for subprocess to be done...
Execution done. EXIT CODE = 0
  Logging finished.  ## CURRENT TIME  : [3/29, 2016   15:35  16.867]
------------------------------------

------------------------------------
  Logging start.  ## CURRENT TIME  : [3/29, 2016   16:3  5.135]  ## COMMAND LINE  : 
cmd /C "gen_csini.exe"
------------------------------------
[STD-IN] : C:\Users\sohae\Desktop\STM32F446RET6_HAL\.metadata\.plugins\sst.csgp\bin\env_vars.txt
GUI is waiting for subprocess to be done...
Execution done. EXIT CODE = 0
  Logging finished.  ## CURRENT TIME  : [3/29, 2016   16:3  9.557]
------------------------------------

------------------------------------
  Logging start.  ## CURRENT TIME  : [3/29, 2016   22:18  51.564]  ## COMMAND LINE  : 
cmd /C "gen_csini.exe"
------------------------------------
[STD-IN] : C:\Users\sohae\Desktop\STM32F446RET6_HAL\.metadata\.plugins\sst.csgp\bin\env_vars.txt
GUI is waiting for subprocess to be done...
Execution done. EXIT CODE = 0
  Logging finished.  ## CURRENT TIME  : [3/29, 2016   22:18  57.747]
------------------------------------

------------------------------------
  Logging start.  ## CURRENT TIME  : [3/30, 2016   8:59  24.95]  ## COMMAND LINE  : 
cmd /C "gen_csini.exe"
------------------------------------
[STD-IN] : C:\Users\sohae\Desktop\STM32F446RET6_HAL\.metadata\.plugins\sst.csgp\bin\env_vars.txt
GUI is waiting for subprocess to be done...
Execution done. EXIT CODE = 0
  Logging finished.  ## CURRENT TIME  : [3/30, 2016   8:59  33.296]
------------------------------------

------------------------------------
  Logging start.  ## CURRENT TIME  : [3/30, 2016   12:43  25.506]  ## COMMAND LINE  : 
cmd /C "gen_csini.exe"
------------------------------------
[STD-IN] : C:\Users\sohae\Desktop\STM32F446RET6_HAL\.metadata\.plugins\sst.csgp\bin\env_vars.txt
GUI is waiting for subprocess to be done...
Execution done. EXIT CODE = 0
  Logging finished.  ## CURRENT TIME  : [3/30, 2016   12:43  30.497]
------------------------------------

------------------------------------
  Logging start.  ## CURRENT TIME  : [3/30, 2016   18:23  23.147]  ## COMMAND LINE  : 
cmd /C "gen_csini.exe"
------------------------------------
[STD-IN] : C:\Users\sohae\Desktop\STM32F446RET6_HAL\.metadata\.plugins\sst.csgp\bin\env_vars.txt
GUI is waiting for subprocess to be done...
Execution done. EXIT CODE = 0
  Logging finished.  ## CURRENT TIME  : [3/30, 2016   18:23  27.501]
------------------------------------

------------------------------------
  Logging start.  ## CURRENT TIME  : [3/30, 2016   20:12  46.665]  ## COMMAND LINE  : 
cmd /C "gen_csini.exe"
------------------------------------
[STD-IN] : C:\Users\sohae\Desktop\STM32F446RET6_HAL\.metadata\.plugins\sst.csgp\bin\env_vars.txt
GUI is waiting for subprocess to be done...
Execution done. EXIT CODE = 0
  Logging finished.  ## CURRENT TIME  : [3/30, 2016   20:12  50.773]
------------------------------------

------------------------------------
  Logging start.  ## CURRENT TIME  : [3/31, 2016   1:44  0.286]  ## COMMAND LINE  : 
cmd /C "gen_csini.exe"
------------------------------------
[STD-IN] : C:\Users\sohae\Desktop\STM32F446RET6_HAL\.metadata\.plugins\sst.csgp\bin\env_vars.txt
GUI is waiting for subprocess to be done...
Execution done. EXIT CODE = 0
  Logging finished.  ## CURRENT TIME  : [3/31, 2016   1:44  4.971]
------------------------------------

------------------------------------
  Logging start.  ## CURRENT TIME  : [3/31, 2016   8:55  44.627]  ## COMMAND LINE  : 
cmd /C "gen_csini.exe"
------------------------------------
[STD-IN] : C:\Users\sohae\Desktop\STM32F446RET6_HAL\.metadata\.plugins\sst.csgp\bin\env_vars.txt
GUI is waiting for subprocess to be done...
Execution done. EXIT CODE = 0
  Logging finished.  ## CURRENT TIME  : [3/31, 2016   8:55  49.354]
------------------------------------

------------------------------------
  Logging start.  ## CURRENT TIME  : [4/1, 2016   9:18  49.202]  ## COMMAND LINE  : 
cmd /C "gen_csini.exe"
------------------------------------
[STD-IN] : C:\Users\sohae\Desktop\STM32F446RET6_HAL\.metadata\.plugins\sst.csgp\bin\env_vars.txt
GUI is waiting for subprocess to be done...
Execution done. EXIT CODE = 0
  Logging finished.  ## CURRENT TIME  : [4/1, 2016   9:18  53.843]
------------------------------------

------------------------------------
  Logging start.  ## CURRENT TIME  : [4/1, 2016   21:16  2.760]  ## COMMAND LINE  : 
cmd /C "gen_csini.exe"
------------------------------------
[STD-IN] : C:\Users\sohae\Desktop\STM32F446RET6_HAL\.metadata\.plugins\sst.csgp\bin\env_vars.txt
GUI is waiting for subprocess to be done...
Execution done. EXIT CODE = 0
  Logging finished.  ## CURRENT TIME  : [4/1, 2016   21:16  6.487]
------------------------------------

------------------------------------
  Logging start.  ## CURRENT TIME  : [4/2, 2016   21:11  49.407]  ## COMMAND LINE  : 
cmd /C "gen_csini.exe"
------------------------------------
[STD-IN] : C:\Users\sohae\Desktop\STM32F446RET6_HAL\.metadata\.plugins\sst.csgp\bin\env_vars.txt
GUI is waiting for subprocess to be done...
Execution done. EXIT CODE = 0
  Logging finished.  ## CURRENT TIME  : [4/2, 2016   21:11  54.16]
------------------------------------

------------------------------------
  Logging start.  ## CURRENT TIME  : [4/3, 2016   9:43  26.853]  ## COMMAND LINE  : 
cmd /C "gen_csini.exe"
------------------------------------
[STD-IN] : C:\Users\sohae\Desktop\STM32F446RET6_HAL\.metadata\.plugins\sst.csgp\bin\env_vars.txt
GUI is waiting for subprocess to be done...
Execution done. EXIT CODE = 0
  Logging finished.  ## CURRENT TIME  : [4/3, 2016   9:43  30.815]
------------------------------------

------------------------------------
  Logging start.  ## CURRENT TIME  : [4/3, 2016   20:9  31.538]  ## COMMAND LINE  : 
cmd /C "gen_csini.exe"
------------------------------------
[STD-IN] : C:\Users\sohae\Desktop\STM32F446RET6_HAL\.metadata\.plugins\sst.csgp\bin\env_vars.txt
GUI is waiting for subprocess to be done...
Execution done. EXIT CODE = 0
  Logging finished.  ## CURRENT TIME  : [4/3, 2016   20:9  36.803]
------------------------------------

------------------------------------
  Logging start.  ## CURRENT TIME  : [4/4, 2016   9:23  10.297]  ## COMMAND LINE  : 
cmd /C "gen_csini.exe"
------------------------------------
[STD-IN] : C:\Users\sohae\Desktop\STM32F446RET6_HAL\.metadata\.plugins\sst.csgp\bin\env_vars.txt
GUI is waiting for subprocess to be done...
Execution done. EXIT CODE = 0
  Logging finished.  ## CURRENT TIME  : [4/4, 2016   9:23  14.128]
------------------------------------

------------------------------------
  Logging start.  ## CURRENT TIME  : [4/4, 2016   18:12  57.728]  ## COMMAND LINE  : 
cmd /C "gen_csini.exe"
------------------------------------
[STD-IN] : C:\Users\sohae\Desktop\STM32F446RET6_HAL\.metadata\.plugins\sst.csgp\bin\env_vars.txt
GUI is waiting for subprocess to be done...
Execution done. EXIT CODE = 0
  Logging finished.  ## CURRENT TIME  : [4/4, 2016   18:13  2.249]
------------------------------------

------------------------------------
  Logging start.  ## CURRENT TIME  : [4/4, 2016   21:37  0.550]  ## COMMAND LINE  : 
cmd /C "gen_csini.exe"
------------------------------------
[STD-IN] : C:\Users\sohae\Desktop\STM32F446RET6_HAL\.metadata\.plugins\sst.csgp\bin\env_vars.txt
GUI is waiting for subprocess to be done...
Execution done. EXIT CODE = 0
  Logging finished.  ## CURRENT TIME  : [4/4, 2016   21:37  4.705]
------------------------------------

------------------------------------
  Logging start.  ## CURRENT TIME  : [4/7, 2016   10:19  52.4]  ## COMMAND LINE  : 
cmd /C "gen_csini.exe"
------------------------------------
[STD-IN] : C:\Users\sohae\Desktop\STM32F446RET6_HAL\.metadata\.plugins\sst.csgp\bin\env_vars.txt
GUI is waiting for subprocess to be done...
Execution done. EXIT CODE = 0
  Logging finished.  ## CURRENT TIME  : [4/7, 2016   10:19  55.730]
------------------------------------

------------------------------------
  Logging start.  ## CURRENT TIME  : [4/7, 2016   13:15  54.157]  ## COMMAND LINE  : 
cmd /C "gen_csini.exe"
------------------------------------
[STD-IN] : C:\Users\sohae\Desktop\STM32F446RET6_HAL\.metadata\.plugins\sst.csgp\bin\env_vars.txt
GUI is waiting for subprocess to be done...
Execution done. EXIT CODE = 0
  Logging finished.  ## CURRENT TIME  : [4/7, 2016   13:15  58.36]
------------------------------------

------------------------------------
  Logging start.  ## CURRENT TIME  : [4/7, 2016   14:0  27.333]  ## COMMAND LINE  : 
cmd /C "gen_csini.exe"
------------------------------------
[STD-IN] : C:\Users\sohae\Desktop\STM32F446RET6_HAL\.metadata\.plugins\sst.csgp\bin\env_vars.txt
GUI is waiting for subprocess to be done...
Execution done. EXIT CODE = 0
  Logging finished.  ## CURRENT TIME  : [4/7, 2016   14:0  31.579]
------------------------------------

------------------------------------
  Logging start.  ## CURRENT TIME  : [4/7, 2016   15:4  32.148]  ## COMMAND LINE  : 
cmd /C "gen_csini.exe"
------------------------------------
[STD-IN] : C:\Users\sohae\Desktop\STM32F446RET6_HAL\.metadata\.plugins\sst.csgp\bin\env_vars.txt
GUI is waiting for subprocess to be done...
Execution done. EXIT CODE = 0
  Logging finished.  ## CURRENT TIME  : [4/7, 2016   15:4  35.867]
------------------------------------

------------------------------------
  Logging start.  ## CURRENT TIME  : [4/7, 2016   19:5  21.755]  ## COMMAND LINE  : 
cmd /C "gen_csini.exe"
------------------------------------
[STD-IN] : C:\Users\sohae\Desktop\STM32F446RET6_HAL\.metadata\.plugins\sst.csgp\bin\env_vars.txt
GUI is waiting for subprocess to be done...
Execution done. EXIT CODE = 0
  Logging finished.  ## CURRENT TIME  : [4/7, 2016   19:5  26.273]
------------------------------------

------------------------------------
  Logging start.  ## CURRENT TIME  : [4/7, 2016   19:42  25.303]  ## COMMAND LINE  : 
cmd /C "gen_csini.exe"
------------------------------------
[STD-IN] : C:\Users\sohae\Desktop\STM32F446RET6_HAL\.metadata\.plugins\sst.csgp\bin\env_vars.txt
GUI is waiting for subprocess to be done...
Execution done. EXIT CODE = 0
  Logging finished.  ## CURRENT TIME  : [4/7, 2016   19:42  29.666]
------------------------------------

------------------------------------
  Logging start.  ## CURRENT TIME  : [4/8, 2016   11:17  13.743]  ## COMMAND LINE  : 
cmd /C "gen_csini.exe"
------------------------------------
[STD-IN] : C:\Users\sohae\Desktop\STM32F446RET6_HAL\.metadata\.plugins\sst.csgp\bin\env_vars.txt
GUI is waiting for subprocess to be done...
Execution done. EXIT CODE = 0
  Logging finished.  ## CURRENT TIME  : [4/8, 2016   11:17  18.179]
------------------------------------

------------------------------------
  Logging start.  ## CURRENT TIME  : [4/8, 2016   12:42  50.852]  ## COMMAND LINE  : 
cmd /C "gen_csini.exe"
------------------------------------
[STD-IN] : C:\Users\sohae\Desktop\STM32F446RET6_HAL\.metadata\.plugins\sst.csgp\bin\env_vars.txt
GUI is waiting for subprocess to be done...
Execution done. EXIT CODE = 0
  Logging finished.  ## CURRENT TIME  : [4/8, 2016   12:42  54.892]
------------------------------------

------------------------------------
  Logging start.  ## CURRENT TIME  : [4/9, 2016   10:6  28.289]  ## COMMAND LINE  : 
cmd /C "gen_csini.exe"
------------------------------------
[STD-IN] : C:\Users\sohae\Desktop\STM32F446RET6_HAL\.metadata\.plugins\sst.csgp\bin\env_vars.txt
GUI is waiting for subprocess to be done...
Execution done. EXIT CODE = 0
  Logging finished.  ## CURRENT TIME  : [4/9, 2016   10:6  33.321]
------------------------------------

------------------------------------
  Logging start.  ## CURRENT TIME  : [4/9, 2016   18:38  35.106]  ## COMMAND LINE  : 
cmd /C "gen_csini.exe"
------------------------------------
[STD-IN] : C:\Users\sohae\Desktop\STM32F446RET6_HAL\.metadata\.plugins\sst.csgp\bin\env_vars.txt
GUI is waiting for subprocess to be done...
Execution done. EXIT CODE = 0
  Logging finished.  ## CURRENT TIME  : [4/9, 2016   18:38  38.920]
------------------------------------

------------------------------------
  Logging start.  ## CURRENT TIME  : [4/10, 2016   17:0  23.214]  ## COMMAND LINE  : 
cmd /C "gen_csini.exe"
------------------------------------
[STD-IN] : C:\Users\sohae\Desktop\STM32F446RET6_HAL\.metadata\.plugins\sst.csgp\bin\env_vars.txt
GUI is waiting for subprocess to be done...
Execution done. EXIT CODE = 0
  Logging finished.  ## CURRENT TIME  : [4/10, 2016   17:0  27.675]
------------------------------------

------------------------------------
  Logging start.  ## CURRENT TIME  : [4/10, 2016   19:35  24.41]  ## COMMAND LINE  : 
cmd /C "gen_csini.exe"
------------------------------------
[STD-IN] : C:\Users\sohae\Desktop\STM32F446RET6_HAL\.metadata\.plugins\sst.csgp\bin\env_vars.txt
GUI is waiting for subprocess to be done...
Execution done. EXIT CODE = 0
  Logging finished.  ## CURRENT TIME  : [4/10, 2016   19:35  32.830]
------------------------------------

------------------------------------
  Logging start.  ## CURRENT TIME  : [4/11, 2016   8:48  27.157]  ## COMMAND LINE  : 
cmd /C "gen_csini.exe"
------------------------------------
[STD-IN] : C:\Users\sohae\Desktop\STM32F446RET6_HAL\.metadata\.plugins\sst.csgp\bin\env_vars.txt
GUI is waiting for subprocess to be done...
Execution done. EXIT CODE = 0
  Logging finished.  ## CURRENT TIME  : [4/11, 2016   8:48  31.905]
------------------------------------

------------------------------------
  Logging start.  ## CURRENT TIME  : [4/11, 2016   13:26  42.745]  ## COMMAND LINE  : 
cmd /C "gen_csini.exe"
------------------------------------
[STD-IN] : C:\Users\sohae\Desktop\STM32F446RET6_HAL\.metadata\.plugins\sst.csgp\bin\env_vars.txt
GUI is waiting for subprocess to be done...
Execution done. EXIT CODE = 0
  Logging finished.  ## CURRENT TIME  : [4/11, 2016   13:26  46.704]
------------------------------------

------------------------------------
  Logging start.  ## CURRENT TIME  : [4/12, 2016   9:27  17.747]  ## COMMAND LINE  : 
cmd /C "gen_csini.exe"
------------------------------------
[STD-IN] : C:\Users\sohae\Desktop\STM32F446RET6_HAL\.metadata\.plugins\sst.csgp\bin\env_vars.txt
GUI is waiting for subprocess to be done...
Execution done. EXIT CODE = 0
  Logging finished.  ## CURRENT TIME  : [4/12, 2016   9:27  22.781]
------------------------------------

------------------------------------
  Logging start.  ## CURRENT TIME  : [4/12, 2016   23:17  22.680]  ## COMMAND LINE  : 
cmd /C "gen_csini.exe"
------------------------------------
[STD-IN] : C:\Users\sohae\Desktop\STM32F446RET6_HAL\.metadata\.plugins\sst.csgp\bin\env_vars.txt
GUI is waiting for subprocess to be done...
Execution done. EXIT CODE = 0
  Logging finished.  ## CURRENT TIME  : [4/12, 2016   23:17  28.722]
------------------------------------

------------------------------------
  Logging start.  ## CURRENT TIME  : [4/13, 2016   17:10  17.89]  ## COMMAND LINE  : 
cmd /C "gen_csini.exe"
------------------------------------
[STD-IN] : C:\Users\sohae\Desktop\STM32F446RET6_HAL\.metadata\.plugins\sst.csgp\bin\env_vars.txt
GUI is waiting for subprocess to be done...
Execution done. EXIT CODE = 0
  Logging finished.  ## CURRENT TIME  : [4/13, 2016   17:10  22.711]
------------------------------------

------------------------------------
  Logging start.  ## CURRENT TIME  : [4/13, 2016   19:20  26.400]  ## COMMAND LINE  : 
cmd /C "gen_csini.exe"
------------------------------------
[STD-IN] : C:\Users\sohae\Desktop\STM32F446RET6_HAL\.metadata\.plugins\sst.csgp\bin\env_vars.txt
GUI is waiting for subprocess to be done...
Execution done. EXIT CODE = 0
  Logging finished.  ## CURRENT TIME  : [4/13, 2016   19:20  30.645]
------------------------------------

------------------------------------
  Logging start.  ## CURRENT TIME  : [4/13, 2016   19:55  0.199]  ## COMMAND LINE  : 
cmd /C "gen_csini.exe"
------------------------------------
[STD-IN] : C:\Users\sohae\Desktop\STM32F446RET6_HAL\.metadata\.plugins\sst.csgp\bin\env_vars.txt
GUI is waiting for subprocess to be done...
Execution done. EXIT CODE = 0
  Logging finished.  ## CURRENT TIME  : [4/13, 2016   19:55  5.401]
------------------------------------

------------------------------------
  Logging start.  ## CURRENT TIME  : [4/13, 2016   22:28  14.903]  ## COMMAND LINE  : 
cmd /C "gen_csini.exe"
------------------------------------
[STD-IN] : C:\Users\sohae\Desktop\STM32F446RET6_HAL\.metadata\.plugins\sst.csgp\bin\env_vars.txt
GUI is waiting for subprocess to be done...
Execution done. EXIT CODE = 0
  Logging finished.  ## CURRENT TIME  : [4/13, 2016   22:28  20.446]
------------------------------------

------------------------------------
  Logging start.  ## CURRENT TIME  : [4/14, 2016   8:54  50.702]  ## COMMAND LINE  : 
cmd /C "gen_csini.exe"
------------------------------------
[STD-IN] : C:\Users\sohae\Desktop\STM32F446RET6_HAL\.metadata\.plugins\sst.csgp\bin\env_vars.txt
GUI is waiting for subprocess to be done...
Execution done. EXIT CODE = 0
  Logging finished.  ## CURRENT TIME  : [4/14, 2016   8:54  54.636]
------------------------------------

------------------------------------
  Logging start.  ## CURRENT TIME  : [4/14, 2016   14:9  48.236]  ## COMMAND LINE  : 
cmd /C "gen_csini.exe"
------------------------------------
[STD-IN] : C:\Users\sohae\Desktop\STM32F446RET6_HAL\.metadata\.plugins\sst.csgp\bin\env_vars.txt
GUI is waiting for subprocess to be done...
Execution done. EXIT CODE = 0
  Logging finished.  ## CURRENT TIME  : [4/14, 2016   14:9  52.695]
------------------------------------

------------------------------------
  Logging start.  ## CURRENT TIME  : [4/14, 2016   18:52  31.226]  ## COMMAND LINE  : 
cmd /C "gen_csini.exe"
------------------------------------
[STD-IN] : C:\Users\sohae\Desktop\STM32F446RET6_HAL\.metadata\.plugins\sst.csgp\bin\env_vars.txt
GUI is waiting for subprocess to be done...
Execution done. EXIT CODE = 0
  Logging finished.  ## CURRENT TIME  : [4/14, 2016   18:52  36.150]
------------------------------------

------------------------------------
  Logging start.  ## CURRENT TIME  : [4/14, 2016   23:16  11.914]  ## COMMAND LINE  : 
cmd /C "gen_csini.exe"
------------------------------------
[STD-IN] : C:\Users\sohae\Desktop\STM32F446RET6_HAL\.metadata\.plugins\sst.csgp\bin\env_vars.txt
GUI is waiting for subprocess to be done...
Execution done. EXIT CODE = 0
  Logging finished.  ## CURRENT TIME  : [4/14, 2016   23:16  16.121]
------------------------------------

------------------------------------
  Logging start.  ## CURRENT TIME  : [4/15, 2016   11:54  48.16]  ## COMMAND LINE  : 
cmd /C "gen_csini.exe"
------------------------------------
[STD-IN] : C:\Users\sohae\Desktop\STM32F446RET6_HAL\.metadata\.plugins\sst.csgp\bin\env_vars.txt
GUI is waiting for subprocess to be done...
Execution done. EXIT CODE = 0
  Logging finished.  ## CURRENT TIME  : [4/15, 2016   11:54  58.153]
------------------------------------

------------------------------------
  Logging start.  ## CURRENT TIME  : [4/16, 2016   11:37  41.871]  ## COMMAND LINE  : 
cmd /C "gen_csini.exe"
------------------------------------
[STD-IN] : C:\Users\sohae\Desktop\STM32F446RET6_HAL\.metadata\.plugins\sst.csgp\bin\env_vars.txt
GUI is waiting for subprocess to be done...
Execution done. EXIT CODE = 0
  Logging finished.  ## CURRENT TIME  : [4/16, 2016   11:37  48.554]
------------------------------------

------------------------------------
  Logging start.  ## CURRENT TIME  : [4/17, 2016   21:58  49.256]  ## COMMAND LINE  : 
cmd /C "gen_csini.exe"
------------------------------------
[STD-IN] : C:\Users\sohae\Desktop\STM32F446RET6_HAL\.metadata\.plugins\sst.csgp\bin\env_vars.txt
GUI is waiting for subprocess to be done...
Execution done. EXIT CODE = 0
  Logging finished.  ## CURRENT TIME  : [4/17, 2016   21:58  52.941]
------------------------------------

------------------------------------
  Logging start.  ## CURRENT TIME  : [4/19, 2016   18:3  0.290]  ## COMMAND LINE  : 
cmd /C "gen_csini.exe"
------------------------------------
[STD-IN] : C:\Users\sohae\Desktop\STM32F446RET6_HAL\.metadata\.plugins\sst.csgp\bin\env_vars.txt
GUI is waiting for subprocess to be done...
Execution done. EXIT CODE = 0
  Logging finished.  ## CURRENT TIME  : [4/19, 2016   18:3  5.2]
------------------------------------

------------------------------------
  Logging start.  ## CURRENT TIME  : [4/19, 2016   21:17  32.35]  ## COMMAND LINE  : 
cmd /C "gen_csini.exe"
------------------------------------
[STD-IN] : C:\Users\sohae\Desktop\STM32F446RET6_HAL\.metadata\.plugins\sst.csgp\bin\env_vars.txt
GUI is waiting for subprocess to be done...
Execution done. EXIT CODE = 0
  Logging finished.  ## CURRENT TIME  : [4/19, 2016   21:17  36.518]
------------------------------------

------------------------------------
  Logging start.  ## CURRENT TIME  : [4/19, 2016   22:34  14.880]  ## COMMAND LINE  : 
cmd /C "gen_csini.exe"
------------------------------------
[STD-IN] : C:\Users\sohae\Desktop\STM32F446RET6_HAL\.metadata\.plugins\sst.csgp\bin\env_vars.txt
GUI is waiting for subprocess to be done...
Execution done. EXIT CODE = 0
  Logging finished.  ## CURRENT TIME  : [4/19, 2016   22:34  29.783]
------------------------------------

------------------------------------
  Logging start.  ## CURRENT TIME  : [4/20, 2016   8:43  46.901]  ## COMMAND LINE  : 
cmd /C "gen_csini.exe"
------------------------------------
[STD-IN] : C:\Users\sohae\Desktop\STM32F446RET6_HAL\.metadata\.plugins\sst.csgp\bin\env_vars.txt
GUI is waiting for subprocess to be done...
Execution done. EXIT CODE = 0
  Logging finished.  ## CURRENT TIME  : [4/20, 2016   8:43  50.841]
------------------------------------

------------------------------------
  Logging start.  ## CURRENT TIME  : [4/21, 2016   9:57  30.525]  ## COMMAND LINE  : 
cmd /C "gen_csini.exe"
------------------------------------
[STD-IN] : C:\Users\sohae\Desktop\STM32F446RET6_HAL\.metadata\.plugins\sst.csgp\bin\env_vars.txt
GUI is waiting for subprocess to be done...
Execution done. EXIT CODE = 0
  Logging finished.  ## CURRENT TIME  : [4/21, 2016   9:57  34.482]
------------------------------------

------------------------------------
  Logging start.  ## CURRENT TIME  : [4/21, 2016   12:39  21.865]  ## COMMAND LINE  : 
cmd /C "gen_csini.exe"
------------------------------------
[STD-IN] : C:\Users\sohae\Desktop\STM32F446RET6_HAL\.metadata\.plugins\sst.csgp\bin\env_vars.txt
GUI is waiting for subprocess to be done...
Execution done. EXIT CODE = 0
  Logging finished.  ## CURRENT TIME  : [4/21, 2016   12:39  27.133]
------------------------------------

------------------------------------
  Logging start.  ## CURRENT TIME  : [4/21, 2016   15:26  16.325]  ## COMMAND LINE  : 
cmd /C "gen_csini.exe"
------------------------------------
[STD-IN] : C:\Users\sohae\Desktop\STM32F446RET6_HAL\.metadata\.plugins\sst.csgp\bin\env_vars.txt
GUI is waiting for subprocess to be done...
Execution done. EXIT CODE = 0
  Logging finished.  ## CURRENT TIME  : [4/21, 2016   15:26  20.738]
------------------------------------

------------------------------------
  Logging start.  ## CURRENT TIME  : [4/22, 2016   8:41  56.599]  ## COMMAND LINE  : 
cmd /C "gen_csini.exe"
------------------------------------
[STD-IN] : C:\Users\sohae\Desktop\STM32F446RET6_HAL\.metadata\.plugins\sst.csgp\bin\env_vars.txt
GUI is waiting for subprocess to be done...
Execution done. EXIT CODE = 0
  Logging finished.  ## CURRENT TIME  : [4/22, 2016   8:42  0.891]
------------------------------------

------------------------------------
  Logging start.  ## CURRENT TIME  : [4/22, 2016   10:10  26.219]  ## COMMAND LINE  : 
cmd /C "gen_csini.exe"
------------------------------------
[STD-IN] : C:\Users\sohae\Desktop\STM32F446RET6_HAL\.metadata\.plugins\sst.csgp\bin\env_vars.txt
GUI is waiting for subprocess to be done...
Execution done. EXIT CODE = 0
  Logging finished.  ## CURRENT TIME  : [4/22, 2016   10:10  39.734]
------------------------------------

------------------------------------
  Logging start.  ## CURRENT TIME  : [4/22, 2016   12:41  44.467]  ## COMMAND LINE  : 
cmd /C "gen_csini.exe"
------------------------------------
[STD-IN] : C:\Users\sohae\Desktop\STM32F446RET6_HAL\.metadata\.plugins\sst.csgp\bin\env_vars.txt
GUI is waiting for subprocess to be done...
Execution done. EXIT CODE = 0
  Logging finished.  ## CURRENT TIME  : [4/22, 2016   12:41  49.454]
------------------------------------

------------------------------------
  Logging start.  ## CURRENT TIME  : [4/28, 2016   16:30  19.136]  ## COMMAND LINE  : 
cmd /C "gen_csini.exe"
------------------------------------
[STD-IN] : C:\Users\sohae\Desktop\STM32F446RET6_HAL\.metadata\.plugins\sst.csgp\bin\env_vars.txt
GUI is waiting for subprocess to be done...
Execution done. EXIT CODE = 0
  Logging finished.  ## CURRENT TIME  : [4/28, 2016   16:30  24.140]
------------------------------------

------------------------------------
  Logging start.  ## CURRENT TIME  : [4/29, 2016   10:4  13.447]  ## COMMAND LINE  : 
cmd /C "gen_csini.exe"
------------------------------------
[STD-IN] : C:\Users\sohae\Desktop\STM32F446RET6_HAL\.metadata\.plugins\sst.csgp\bin\env_vars.txt
GUI is waiting for subprocess to be done...
Execution done. EXIT CODE = 0
  Logging finished.  ## CURRENT TIME  : [4/29, 2016   10:4  17.598]
------------------------------------

------------------------------------
  Logging start.  ## CURRENT TIME  : [4/30, 2016   20:36  12.949]  ## COMMAND LINE  : 
cmd /C "gen_csini.exe"
------------------------------------
[STD-IN] : C:\Users\sohae\Desktop\STM32F446RET6_HAL\.metadata\.plugins\sst.csgp\bin\env_vars.txt
GUI is waiting for subprocess to be done...
Execution done. EXIT CODE = 0
  Logging finished.  ## CURRENT TIME  : [4/30, 2016   20:36  16.881]
------------------------------------

------------------------------------
  Logging start.  ## CURRENT TIME  : [4/30, 2016   21:38  45.671]  ## COMMAND LINE  : 
cmd /C "gen_csini.exe"
------------------------------------
[STD-IN] : C:\Users\sohae\Desktop\STM32F446RET6_HAL\.metadata\.plugins\sst.csgp\bin\env_vars.txt
GUI is waiting for subprocess to be done...
Execution done. EXIT CODE = 0
  Logging finished.  ## CURRENT TIME  : [4/30, 2016   21:38  49.571]
------------------------------------

------------------------------------
  Logging start.  ## CURRENT TIME  : [5/4, 2016   21:14  43.690]  ## COMMAND LINE  : 
cmd /C "gen_csini.exe"
------------------------------------
[STD-IN] : C:\Users\sohae\Desktop\STM32F446RET6_HAL\.metadata\.plugins\sst.csgp\bin\env_vars.txt
GUI is waiting for subprocess to be done...
Execution done. EXIT CODE = 0
  Logging finished.  ## CURRENT TIME  : [5/4, 2016   21:14  56.5]
------------------------------------

------------------------------------
  Logging start.  ## CURRENT TIME  : [5/5, 2016   11:28  27.85]  ## COMMAND LINE  : 
cmd /C "gen_csini.exe"
------------------------------------
[STD-IN] : C:\Users\sohae\Desktop\STM32F446RET6_HAL\.metadata\.plugins\sst.csgp\bin\env_vars.txt
GUI is waiting for subprocess to be done...
Execution done. EXIT CODE = 0
  Logging finished.  ## CURRENT TIME  : [5/5, 2016   11:28  36.543]
------------------------------------

------------------------------------
  Logging start.  ## CURRENT TIME  : [5/5, 2016   11:45  8.194]  ## COMMAND LINE  : 
cmd /C "gen_csini.exe"
------------------------------------
[STD-IN] : C:\Users\sohae\Desktop\STM32F446RET6_HAL\.metadata\.plugins\sst.csgp\bin\env_vars.txt
GUI is waiting for subprocess to be done...
Execution done. EXIT CODE = 0
  Logging finished.  ## CURRENT TIME  : [5/5, 2016   11:45  12.85]
------------------------------------

------------------------------------
  Logging start.  ## CURRENT TIME  : [5/5, 2016   11:49  3.140]  ## COMMAND LINE  : 
cmd /C "gen_csini.exe"
------------------------------------
[STD-IN] : C:\Users\sohae\Desktop\STM32F446RET6_HAL\.metadata\.plugins\sst.csgp\bin\env_vars.txt
GUI is waiting for subprocess to be done...
Execution done. EXIT CODE = 0
  Logging finished.  ## CURRENT TIME  : [5/5, 2016   11:49  7.603]
------------------------------------

------------------------------------
  Logging start.  ## CURRENT TIME  : [5/5, 2016   12:14  28.317]  ## COMMAND LINE  : 
cmd /C "gen_csini.exe"
------------------------------------
[STD-IN] : C:\Users\sohae\Desktop\STM32F446RET6_HAL\.metadata\.plugins\sst.csgp\bin\env_vars.txt
GUI is waiting for subprocess to be done...
Execution done. EXIT CODE = 0
  Logging finished.  ## CURRENT TIME  : [5/5, 2016   12:14  32.381]
------------------------------------

------------------------------------
  Logging start.  ## CURRENT TIME  : [5/5, 2016   15:23  14.451]  ## COMMAND LINE  : 
cmd /C "gen_csini.exe"
------------------------------------
[STD-IN] : C:\Users\sohae\Desktop\STM32F446RET6_HAL\.metadata\.plugins\sst.csgp\bin\env_vars.txt
GUI is waiting for subprocess to be done...
Execution done. EXIT CODE = 0
  Logging finished.  ## CURRENT TIME  : [5/5, 2016   15:23  18.282]
------------------------------------

------------------------------------
  Logging start.  ## CURRENT TIME  : [5/5, 2016   19:35  32.518]  ## COMMAND LINE  : 
cmd /C "gen_csini.exe"
------------------------------------
[STD-IN] : C:\Users\sohae\Desktop\STM32F446RET6_HAL\.metadata\.plugins\sst.csgp\bin\env_vars.txt
GUI is waiting for subprocess to be done...
Execution done. EXIT CODE = 0
  Logging finished.  ## CURRENT TIME  : [5/5, 2016   19:35  36.921]
------------------------------------

------------------------------------
  Logging start.  ## CURRENT TIME  : [5/5, 2016   19:41  15.310]  ## COMMAND LINE  : 
cmd /C "gen_csini.exe"
------------------------------------
[STD-IN] : C:\Users\sohae\Desktop\STM32F446RET6_HAL\.metadata\.plugins\sst.csgp\bin\env_vars.txt
GUI is waiting for subprocess to be done...
Execution done. EXIT CODE = 0
  Logging finished.  ## CURRENT TIME  : [5/5, 2016   19:41  19.472]
------------------------------------

------------------------------------
  Logging start.  ## CURRENT TIME  : [5/6, 2016   10:40  3.625]  ## COMMAND LINE  : 
cmd /C "gen_csini.exe"
------------------------------------
[STD-IN] : C:\Users\sohae\Desktop\STM32F446RET6_HAL\.metadata\.plugins\sst.csgp\bin\env_vars.txt
GUI is waiting for subprocess to be done...
Execution done. EXIT CODE = 0
  Logging finished.  ## CURRENT TIME  : [5/6, 2016   10:40  7.562]
------------------------------------

------------------------------------
  Logging start.  ## CURRENT TIME  : [5/6, 2016   14:29  35.403]  ## COMMAND LINE  : 
cmd /C "gen_csini.exe"
------------------------------------
[STD-IN] : C:\Users\sohae\Desktop\STM32F446RET6_HAL\.metadata\.plugins\sst.csgp\bin\env_vars.txt
GUI is waiting for subprocess to be done...
Execution done. EXIT CODE = 0
  Logging finished.  ## CURRENT TIME  : [5/6, 2016   14:29  39.162]
------------------------------------

------------------------------------
  Logging start.  ## CURRENT TIME  : [5/9, 2016   13:8  39.910]  ## COMMAND LINE  : 
cmd /C "gen_csini.exe"
------------------------------------
[STD-IN] : C:\Users\sohae\Desktop\STM32F446RET6_HAL\.metadata\.plugins\sst.csgp\bin\env_vars.txt
GUI is waiting for subprocess to be done...
Execution done. EXIT CODE = 0
  Logging finished.  ## CURRENT TIME  : [5/9, 2016   13:8  44.505]
------------------------------------

------------------------------------
  Logging start.  ## CURRENT TIME  : [5/12, 2016   16:32  0.77]  ## COMMAND LINE  : 
cmd /C "gen_csini.exe"
------------------------------------
[STD-IN] : C:\Users\sohae\Desktop\STM32F446RET6_HAL\.metadata\.plugins\sst.csgp\bin\env_vars.txt
GUI is waiting for subprocess to be done...
Execution done. EXIT CODE = 0
  Logging finished.  ## CURRENT TIME  : [5/12, 2016   16:32  4.802]
------------------------------------

------------------------------------
  Logging start.  ## CURRENT TIME  : [5/13, 2016   8:46  57.455]  ## COMMAND LINE  : 
cmd /C "gen_csini.exe"
------------------------------------
[STD-IN] : C:\Users\sohae\Desktop\STM32F446RET6_HAL\.metadata\.plugins\sst.csgp\bin\env_vars.txt
GUI is waiting for subprocess to be done...
Execution done. EXIT CODE = 0
  Logging finished.  ## CURRENT TIME  : [5/13, 2016   8:47  2.511]
------------------------------------

------------------------------------
  Logging start.  ## CURRENT TIME  : [5/20, 2016   10:7  50.215]  ## COMMAND LINE  : 
cmd /C "gen_csini.exe"
------------------------------------
[STD-IN] : C:\Users\sohae\Desktop\STM32F446RET6_HAL\.metadata\.plugins\sst.csgp\bin\env_vars.txt
GUI is waiting for subprocess to be done...
Execution done. EXIT CODE = 0
  Logging finished.  ## CURRENT TIME  : [5/20, 2016   10:7  54.96]
------------------------------------

------------------------------------
  Logging start.  ## CURRENT TIME  : [5/20, 2016   10:33  48.305]  ## COMMAND LINE  : 
cmd /C "gen_csini.exe"
------------------------------------
[STD-IN] : C:\Users\sohae\Desktop\STM32F446RET6_HAL\.metadata\.plugins\sst.csgp\bin\env_vars.txt
GUI is waiting for subprocess to be done...
Execution done. EXIT CODE = 0
  Logging finished.  ## CURRENT TIME  : [5/20, 2016   10:33  52.555]
------------------------------------

------------------------------------
  Logging start.  ## CURRENT TIME  : [5/20, 2016   10:44  24.940]  ## COMMAND LINE  : 
cmd /C "gen_csini.exe"
------------------------------------
[STD-IN] : C:\Users\sohae\Desktop\STM32F446RET6_HAL\.metadata\.plugins\sst.csgp\bin\env_vars.txt
GUI is waiting for subprocess to be done...
Execution done. EXIT CODE = 0
  Logging finished.  ## CURRENT TIME  : [5/20, 2016   10:44  29.473]
------------------------------------

------------------------------------
  Logging start.  ## CURRENT TIME  : [5/25, 2016   20:24  42.476]  ## COMMAND LINE  : 
cmd /C "gen_csini.exe"
------------------------------------
[STD-IN] : C:\Users\sohae\Desktop\STM32F446RET6_HAL\.metadata\.plugins\sst.csgp\bin\env_vars.txt
GUI is waiting for subprocess to be done...
Execution done. EXIT CODE = 0
  Logging finished.  ## CURRENT TIME  : [5/25, 2016   20:24  48.91]
------------------------------------

------------------------------------
  Logging start.  ## CURRENT TIME  : [5/30, 2016   13:41  39.247]  ## COMMAND LINE  : 
cmd /C "gen_csini.exe"
------------------------------------
[STD-IN] : C:\Users\sohae\Desktop\STM32F446RET6_HAL\.metadata\.plugins\sst.csgp\bin\env_vars.txt
GUI is waiting for subprocess to be done...
Execution done. EXIT CODE = 0
  Logging finished.  ## CURRENT TIME  : [5/30, 2016   13:41  43.646]
------------------------------------

------------------------------------
  Logging start.  ## CURRENT TIME  : [6/3, 2016   9:4  7.602]  ## COMMAND LINE  : 
cmd /C "gen_csini.exe"
------------------------------------
[STD-IN] : C:\Users\sohae\Desktop\STM32F446RET6_HAL\.metadata\.plugins\sst.csgp\bin\env_vars.txt
GUI is waiting for subprocess to be done...
Execution done. EXIT CODE = 0
  Logging finished.  ## CURRENT TIME  : [6/3, 2016   9:4  11.760]
------------------------------------

------------------------------------
  Logging start.  ## CURRENT TIME  : [6/8, 2016   23:25  12.615]  ## COMMAND LINE  : 
cmd /C "gen_csini.exe"
------------------------------------
[STD-IN] : C:\Users\sohae\Desktop\STM32F446RET6_HAL\.metadata\.plugins\sst.csgp\bin\env_vars.txt
GUI is waiting for subprocess to be done...
Execution done. EXIT CODE = 0
  Logging finished.  ## CURRENT TIME  : [6/8, 2016   23:25  17.155]
------------------------------------

------------------------------------
  Logging start.  ## CURRENT TIME  : [6/9, 2016   22:24  46.882]  ## COMMAND LINE  : 
cmd /C "gen_csini.exe"
------------------------------------
[STD-IN] : C:\Users\sohae\Desktop\STM32F446RET6_HAL\.metadata\.plugins\sst.csgp\bin\env_vars.txt
GUI is waiting for subprocess to be done...
Execution done. EXIT CODE = 0
  Logging finished.  ## CURRENT TIME  : [6/9, 2016   22:24  51.465]
------------------------------------

------------------------------------
  Logging start.  ## CURRENT TIME  : [8/3, 2016   11:12  37.946]  ## COMMAND LINE  : 
cmd /C "gen_csini.exe"
------------------------------------
[STD-IN] : C:\Users\sohae\Desktop\STM32F446RET6_HAL\.metadata\.plugins\sst.csgp\bin\env_vars.txt
GUI is waiting for subprocess to be done...
Execution done. EXIT CODE = 0
  Logging finished.  ## CURRENT TIME  : [8/3, 2016   11:12  43.875]
------------------------------------

------------------------------------
  Logging start.  ## CURRENT TIME  : [8/29, 2016   22:51  55.778]  ## COMMAND LINE  : 
cmd /C "gen_csini.exe"
------------------------------------
[STD-IN] : C:\Users\sohae\Desktop\STM32F446RET6_HAL\.metadata\.plugins\sst.csgp\bin\env_vars.txt
GUI is waiting for subprocess to be done...
Execution done. EXIT CODE = 0
  Logging finished.  ## CURRENT TIME  : [8/29, 2016   22:52  0.269]
------------------------------------

------------------------------------
  Logging start.  ## CURRENT TIME  : [8/29, 2016   23:8  2.429]  ## COMMAND LINE  : 
cmd /C "gen_csini.exe"
------------------------------------
[STD-IN] : C:\Users\sohae\Desktop\STM32F446RET6_HAL\.metadata\.plugins\sst.csgp\bin\env_vars.txt
GUI is waiting for subprocess to be done...
Execution done. EXIT CODE = 0
  Logging finished.  ## CURRENT TIME  : [8/29, 2016   23:8  7.674]
------------------------------------

------------------------------------
  Logging start.  ## CURRENT TIME  : [8/29, 2016   23:42  23.232]  ## COMMAND LINE  : 
cmd /C "gen_csini.exe"
------------------------------------
[STD-IN] : C:\Users\sohae\Desktop\STM32F446RET6_HAL\.metadata\.plugins\sst.csgp\bin\env_vars.txt
GUI is waiting for subprocess to be done...
Execution done. EXIT CODE = 0
  Logging finished.  ## CURRENT TIME  : [8/29, 2016   23:42  31.441]
------------------------------------

------------------------------------
  Logging start.  ## CURRENT TIME  : [8/30, 2016   1:17  2.690]  ## COMMAND LINE  : 
cmd /C "gen_csini.exe"
------------------------------------
[STD-IN] : C:\Users\sohae\Desktop\STM32F446RET6_HAL\.metadata\.plugins\sst.csgp\bin\env_vars.txt
GUI is waiting for subprocess to be done...
Execution done. EXIT CODE = 0
  Logging finished.  ## CURRENT TIME  : [8/30, 2016   1:17  7.268]
------------------------------------

------------------------------------
  Logging start.  ## CURRENT TIME  : [8/30, 2016   1:25  3.211]  ## COMMAND LINE  : 
cmd /C "gen_csini.exe"
------------------------------------
[STD-IN] : C:\Users\sohae\Desktop\STM32F446RET6_HAL\.metadata\.plugins\sst.csgp\bin\env_vars.txt
GUI is waiting for subprocess to be done...
Execution done. EXIT CODE = 0
  Logging finished.  ## CURRENT TIME  : [8/30, 2016   1:25  8.67]
------------------------------------

------------------------------------
  Logging start.  ## CURRENT TIME  : [8/30, 2016   1:37  42.853]  ## COMMAND LINE  : 
cmd /C "gen_csini.exe"
------------------------------------
[STD-IN] : C:\Users\sohae\Desktop\STM32F446RET6_HAL\.metadata\.plugins\sst.csgp\bin\env_vars.txt
GUI is waiting for subprocess to be done...
Execution done. EXIT CODE = 0
  Logging finished.  ## CURRENT TIME  : [8/30, 2016   1:37  47.245]
------------------------------------

------------------------------------
  Logging start.  ## CURRENT TIME  : [8/30, 2016   1:54  51.481]  ## COMMAND LINE  : 
cmd /C "gen_csini.exe"
------------------------------------
[STD-IN] : C:\Users\sohae\Desktop\STM32F446RET6_HAL\.metadata\.plugins\sst.csgp\bin\env_vars.txt
GUI is waiting for subprocess to be done...
Execution done. EXIT CODE = 0
  Logging finished.  ## CURRENT TIME  : [8/30, 2016   1:54  56.656]
------------------------------------

------------------------------------
  Logging start.  ## CURRENT TIME  : [8/30, 2016   2:6  25.605]  ## COMMAND LINE  : 
cmd /C "gen_csini.exe"
------------------------------------
[STD-IN] : C:\Users\sohae\Desktop\STM32F446RET6_HAL\.metadata\.plugins\sst.csgp\bin\env_vars.txt
GUI is waiting for subprocess to be done...
Execution done. EXIT CODE = 0
  Logging finished.  ## CURRENT TIME  : [8/30, 2016   2:6  30.860]
------------------------------------

------------------------------------
  Logging start.  ## CURRENT TIME  : [8/30, 2016   2:33  1.560]  ## COMMAND LINE  : 
cmd /C "gen_csini.exe"
------------------------------------
[STD-IN] : C:\Users\sohae\Desktop\STM32F446RET6_HAL\.metadata\.plugins\sst.csgp\bin\env_vars.txt
GUI is waiting for subprocess to be done...
Execution done. EXIT CODE = 0
  Logging finished.  ## CURRENT TIME  : [8/30, 2016   2:33  6.666]
------------------------------------
