2020-12-27 23:26:17,343 [INFO] Activator:170 - 


2020-12-27 23:26:17,343 [INFO] Activator:171 - !SESSION log4j initialized
2020-12-27 23:29:21,843 [ERROR] LogOutputStream:74 - [STDERR_REDIRECT] Managed Build system manifest file error: Option com.atollic.truestudio.general.runtimelib.2031840288 uses a null category that is invalid in its context. The option was ignored.
2020-12-27 23:29:21,843 [ERROR] LogOutputStream:74 - [STDERR_REDIRECT] Managed Build system manifest file error: Option com.atollic.truestudio.toolchain_options.mcu.1426629697 uses a null category that is invalid in its context. The option was ignored.
2020-12-27 23:29:21,843 [ERROR] LogOutputStream:74 - [STDERR_REDIRECT] Managed Build system manifest file error: Option com.atollic.truestudio.toolchain_options.vendor.2040632704 uses a null category that is invalid in its context. The option was ignored.
2020-12-27 23:29:21,890 [ERROR] LogOutputStream:74 - [STDERR_REDIRECT] Managed Build system manifest file error: Option com.atollic.truestudio.general.runtimelib.958000537 uses a null category that is invalid in its context. The option was ignored.
2020-12-27 23:29:21,906 [ERROR] LogOutputStream:74 - [STDERR_REDIRECT] Managed Build system manifest file error: Option com.atollic.truestudio.toolchain_options.mcu.1608273701 uses a null category that is invalid in its context. The option was ignored.
2020-12-27 23:29:21,906 [ERROR] LogOutputStream:74 - [STDERR_REDIRECT] Managed Build system manifest file error: Option com.atollic.truestudio.toolchain_options.vendor.1394903913 uses a null category that is invalid in its context. The option was ignored.
2020-12-27 23:30:26,375 [ERROR] LogOutputStream:74 - [STDERR_REDIRECT] Managed Build system manifest file error: Option com.atollic.truestudio.general.runtimelib.875686095 uses a null category that is invalid in its context. The option was ignored.
2020-12-27 23:30:26,390 [ERROR] LogOutputStream:74 - [STDERR_REDIRECT] Managed Build system manifest file error: Option com.atollic.truestudio.toolchain_options.mcu.174423270 uses a null category that is invalid in its context. The option was ignored.
2020-12-27 23:30:26,390 [ERROR] LogOutputStream:74 - [STDERR_REDIRECT] Managed Build system manifest file error: Option com.atollic.truestudio.toolchain_options.vendor.723230010 uses a null category that is invalid in its context. The option was ignored.
2020-12-27 23:30:26,422 [ERROR] LogOutputStream:74 - [STDERR_REDIRECT] Managed Build system manifest file error: Option com.atollic.truestudio.general.runtimelib.2120570405 uses a null category that is invalid in its context. The option was ignored.
2020-12-27 23:30:26,422 [ERROR] LogOutputStream:74 - [STDERR_REDIRECT] Managed Build system manifest file error: Option com.atollic.truestudio.toolchain_options.mcu.476102199 uses a null category that is invalid in its context. The option was ignored.
2020-12-27 23:30:26,437 [ERROR] LogOutputStream:74 - [STDERR_REDIRECT] Managed Build system manifest file error: Option com.atollic.truestudio.toolchain_options.vendor.882327775 uses a null category that is invalid in its context. The option was ignored.
2020-12-27 23:31:10,906 [ERROR] LogOutputStream:74 - [STDERR_REDIRECT] Managed Build system manifest file error: Option com.atollic.truestudio.general.runtimelib.1515923525 uses a null category that is invalid in its context. The option was ignored.
2020-12-27 23:31:10,906 [ERROR] LogOutputStream:74 - [STDERR_REDIRECT] Managed Build system manifest file error: Option com.atollic.truestudio.toolchain_options.mcu.1753992350 uses a null category that is invalid in its context. The option was ignored.
2020-12-27 23:31:10,906 [ERROR] LogOutputStream:74 - [STDERR_REDIRECT] Managed Build system manifest file error: Option com.atollic.truestudio.toolchain_options.vendor.159827863 uses a null category that is invalid in its context. The option was ignored.
2020-12-27 23:31:10,937 [ERROR] LogOutputStream:74 - [STDERR_REDIRECT] Managed Build system manifest file error: Option com.atollic.truestudio.general.runtimelib.1578621330 uses a null category that is invalid in its context. The option was ignored.
2020-12-27 23:31:10,953 [ERROR] LogOutputStream:74 - [STDERR_REDIRECT] Managed Build system manifest file error: Option com.atollic.truestudio.toolchain_options.mcu.2062466185 uses a null category that is invalid in its context. The option was ignored.
2020-12-27 23:31:10,953 [ERROR] LogOutputStream:74 - [STDERR_REDIRECT] Managed Build system manifest file error: Option com.atollic.truestudio.toolchain_options.vendor.47238034 uses a null category that is invalid in its context. The option was ignored.
2021-05-27 18:07:50,078 [INFO] Activator:170 - 


2021-05-27 18:07:50,078 [INFO] Activator:171 - !SESSION log4j initialized
2021-05-27 18:07:50,548 [ERROR] LogOutputStream:74 - [STDERR_REDIRECT] Managed Build system manifest file error: Could not load icon "icons/chip.png".
2021-05-27 18:07:50,548 [ERROR] LogOutputStream:74 - [STDERR_REDIRECT] Managed Build system manifest file error: Could not load icon "icons/chip.png".
2021-05-27 18:07:50,548 [ERROR] LogOutputStream:74 - [STDERR_REDIRECT] Managed Build system manifest file error: Could not load icon "icons/chip.png".
2021-05-27 18:08:18,344 [INFO] RetryExec:97 - I/O exception (org.apache.http.NoHttpResponseException) caught when processing request to {s}->https://sw-center.st.com:443: The target server failed to respond
2021-05-27 18:08:18,359 [INFO] RetryExec:113 - Retrying request to {s}->https://sw-center.st.com:443
2021-05-27 18:08:18,703 [INFO] RetryExec:97 - I/O exception (org.apache.http.NoHttpResponseException) caught when processing request to {s}->https://sw-center.st.com:443: The target server failed to respond
2021-05-27 18:08:18,703 [INFO] RetryExec:113 - Retrying request to {s}->https://sw-center.st.com:443
2021-05-27 18:08:26,156 [INFO] RetryExec:97 - I/O exception (org.apache.http.NoHttpResponseException) caught when processing request to {}->http://sw-center.st.com:80: The target server failed to respond
2021-05-27 18:08:26,156 [INFO] RetryExec:113 - Retrying request to {}->http://sw-center.st.com:80
